17 17 13
33 27 21
4 8 4
36 28 26
3 3 4
5 5 9
15 10 12
9 11 9
30 27 17
1 1 2
29 25 24
8 3 1
8 4 2
5 5 9
11 8 8
7 7 1
7 13 13
4 5 5
7 11 12
12 12 6
0 2 0
12 8 5
12 8 9
11 7 6
6 4 1
9 9 5
7 5 0
11 10 2
12 7 2
15 17 14
33 29 24
8 7 8
18 16 14
2 5 4
11 13 5
11 14 5
26 24 15
20 21 21
18 18 16
3 2 2
12 15 13
5 3 5
1 1 5
1 1 0
39 30 27
18 12 18
2 1 3
27 23 23
4 2 7
3 7 7
29 27 23
8 3 1
10 6 10
11 6 8
15 11 3
1 2 2
10 14 13
17 14 14
3 8 5
37 29 27
25 16 21
3 1 6
18 16 13
2 5 0
15 11 18
1 0 1
19 10 10
15 16 10
19 15 19
9 5 2
17 17 18
12 13 6
6 9 11
2 0 0
4 4 1
25 23 23
1 1 3
12 12 3
11 11 6
10 7 3
22 20 18
3 2 6
19 17 14
32 27 21
7 6 2
7 3 1
12 8 11
16 10 10
25 24 15
32 29 24
8 6 3
9 6 9
1 1 0
2 1 3
15 10 12
11 11 11
27 26 15
6 5 9
3 2 6
12 8 3
