257 232 228
214 206 193
148 145 138
132 129 129
123 111 121
156 154 145
120 123 117
148 121 127
131 141 122
93 73 85
4 5 10
197 169 178
32 26 31
92 85 78
87 79 90
212 183 188
111 115 106
92 69 76
71 51 61
67 58 61
212 208 197
31 27 23
135 107 112
242 215 219
128 136 119
131 133 127
37 40 27
50 44 40
84 75 83
206 177 182
120 104 105
91 86 86
71 69 78
151 149 139
44 30 37
3 7 2
72 77 72
145 117 118
122 110 120
34 21 26
103 81 86
65 65 57
143 136 140
35 34 38
86 88 71
102 88 94
112 85 93
258 229 232
150 149 134
24 10 22
131 131 110
92 101 89
247 235 229
119 92 98
212 196 192
161 159 152
152 143 144
176 166 160
91 76 85
251 231 230
287 262 260
245 230 220
79 78 77
130 107 105
65 60 76
70 73 55
81 86 85
105 103 101
298 254 264
16 9 10
49 59 35
33 32 31
92 91 88
50 28 45
45 44 35
174 159 160
55 45 47
50 49 42
213 192 196
301 260 259
74 77 61
15 11 18
228 203 213
203 172 188
89 88 74
12 13 11
111 99 102
54 54 51
8 15 10
55 46 50
138 111 125
72 86 67
106 95 103
52 44 44
171 136 155
40 27 27
108 100 97
175 177 163
184 151 169
171 158 160
69 63 66
218 209 196
62 61 66
63 75 62
11 20 11
5 6 6
163 152 147
157 151 146
250 228 219
296 263 268
56 50 44
81 75 82
175 145 161
43 40 32
74 55 62
242 223 215
172 161 155
124 122 119
103 108 98
128 116 128
56 34 50
174 138 155
122 123 113
20 14 12
255 233 229
123 112 122
183 185 170
142 137 137
324 290 289
227 218 209
47 35 42
38 47 27
276 247 246
230 205 206
174 138 152
155 154 145
153 152 143
169 165 154
80 94 77
196 165 185
0 1 0
77 67 70
258 236 234
90 71 78
92 96 91
100 81 90
69 62 55
106 99 93
34 34 28
117 107 96
243 229 218
136 139 124
34 22 26
38 36 47
285 259 264
333 295 302
41 27 39
11 15 18
65 57 59
236 225 219
166 159 151
135 108 123
63 36 51
150 154 137
179 166 160
68 63 77
43 33 43
182 182 169
0 3 0
134 128 127
235 213 210
56 38 57
148 121 131
134 135 129
114 104 113
47 34 41
14 17 13
85 67 72
38 26 27
144 146 132
95 81 87
294 271 265
124 124 121
189 180 166
31 31 33
153 145 143
110 105 96
107 93 99
26 18 29
156 121 134
103 98 93
210 183 192
172 146 164
8 10 7
157 126 129
187 171 166
104 99 93
75 73 65
162 135 149
335 306 307
5 3 6
48 52 55
296 264 268
46 50 41
93 83 85
307 264 274
23 16 13
140 126 130
85 64 75
325 291 296
13 6 7
61 60 48
160 158 149
176 172 171
214 205 191
110 115 100
208 202 189
159 160 149
41 30 34
217 197 196
51 55 63
41 38 40
243 221 214
152 148 131
21 18 27
119 100 99
238 228 219
85 75 76
52 29 45
302 271 277
18 14 11
172 161 163
67 64 68
184 154 174
175 149 167
43 33 35
29 40 29
127 96 107
30 23 31
4 4 2
154 146 142
117 121 109
13 13 9
54 36 54
46 40 37
252 230 231
141 131 128
34 25 21
189 158 174
143 145 129
221 191 191
251 230 228
134 124 120
148 134 141
135 110 111
34 24 22
195 165 186
99 91 86
42 28 28
54 30 49
79 67 69
155 125 127
179 144 166
36 22 33
124 111 109
13 16 9
128 107 112
285 257 259
192 183 177
194 190 177
231 220 214
98 75 82
197 165 189
110 88 91
7 8 5
41 36 35
131 136 112
97 97 81
132 125 132
45 25 35
134 137 132
165 162 154
169 171 158
179 169 160
41 30 37
133 138 123
148 124 129
38 34 25
108 85 96
272 250 246
109 112 104
52 49 53
74 86 69
29 28 19
337 305 307
205 190 190
47 38 35
77 63 70
167 136 151
119 109 116
97 87 88
105 91 94
55 39 55
134 127 124
252 233 232
219 218 197
35 30 29
116 104 95
44 41 56
213 203 195
190 193 178
164 160 152
5 0 6
115 107 109
122 126 112
147 144 131
62 54 54
108 95 89
195 187 176
8 3 9
80 57 67
10 12 7
37 34 40
156 145 145
85 79 74
61 37 45
141 132 127
46 26 35
142 142 124
63 57 58
73 68 63
242 227 218
244 235 226
45 23 34
79 73 64
95 90 99
130 111 115
125 121 114
20 23 15
11 8 17
307 289 277
67 69 50
48 58 36
8 10 8
32 32 28
319 292 287
10 12 8
211 200 191
262 230 236
181 177 164
28 33 39
18 21 26
94 91 86
113 116 104
240 223 217
66 60 62
124 104 106
156 129 133
154 119 135
46 43 48
215 206 194
38 22 33
324 292 288
290 259 259
164 150 154
34 35 40
35 46 24
87 80 75
96 90 91
7 12 12
183 186 175
55 45 44
25 43 25
76 82 77
93 73 80
4 0 3
68 63 59
188 159 176
336 301 307
141 140 127
176 144 156
124 102 113
295 253 255
170 170 157
142 133 130
43 26 38
75 63 65
2 3 4
10 8 11
63 50 52
192 162 175
249 237 228
63 55 53
152 141 139
31 36 37
49 59 35
186 151 169
51 42 40
198 167 179
158 160 145
75 53 67
32 32 30
201 193 186
316 276 284
265 251 242
67 63 77
106 103 98
238 218 208
97 99 97
62 65 58
70 68 60
192 178 176
135 136 112
101 108 96
98 73 81
2 4 1
92 89 87
137 136 133
269 250 246
250 226 218
81 68 76
90 85 90
174 173 159
91 71 84
37 41 23
136 138 133
37 37 50
230 223 212
242 222 220
101 88 92
22 26 20
212 203 192
117 119 111
75 80 79
221 209 205
92 77 73
161 160 155
228 208 204
161 161 151
157 146 143
99 88 81
119 107 115
250 245 230
269 258 244
34 30 26
34 32 32
80 73 66
265 236 238
114 109 101
230 201 211
221 210 202
196 177 178
173 168 159
224 200 201
148 144 137
167 141 157
6 2 4
311 282 279
135 134 127
217 196 193
237 213 219
62 54 50
126 125 117
100 109 101
131 123 124
215 206 201
325 291 294
19 19 21
44 48 40
36 29 36
34 41 26
127 120 121
11 16 16
134 129 127
126 125 104
249 228 220
166 154 158
108 99 111
266 236 238
36 31 33
90 77 79
96 87 85
104 101 98
87 71 75
146 141 141
46 34 47
174 167 156
155 147 147
264 253 242
158 130 134
5 1 4
315 272 282
132 108 117
73 64 66
98 87 100
49 34 49
94 102 95
58 38 51
62 48 51
90 84 73
312 281 279
143 131 130
206 197 189
107 98 81
114 108 106
36 21 28
209 214 194
326 294 301
83 72 68
37 43 27
257 231 226
220 197 198
177 159 162
29 29 30
129 114 114
152 157 145
117 109 97
95 73 83
55 48 67
21 21 21
45 40 57
246 227 227
219 195 209
200 185 182
124 116 106
171 159 160
144 139 140
78 56 66
26 22 27
277 254 248
109 109 104
205 209 192
80 65 76
330 298 298
266 238 233
92 98 93
89 69 78
69 48 52
65 44 63
95 87 87
192 190 180
135 136 133
37 26 27
25 30 21
90 80 85
90 72 77
168 169 157
94 92 91
157 132 140
85 97 78
113 100 102
40 36 54
112 90 104
8 6 7
134 125 133
50 45 36
18 21 16
114 99 114
281 254 260
82 65 74
197 185 180
212 203 195
108 106 98
178 179 167
240 220 215
136 129 136
53 40 53
108 102 107
98 98 91
33 40 38
297 262 267
9 7 9
74 71 74
114 106 90
107 97 86
41 34 37
186 158 172
18 17 12
20 20 10
34 26 35
42 34 38
262 236 237
118 107 105
168 163 152
233 219 216
7 3 6
141 136 130
140 149 120
26 17 23
3 10 6
136 123 121
28 22 19
23 18 28
81 89 82
130 103 108
66 58 53
232 206 204
132 108 114
17 19 18
148 120 129
18 7 15
66 80 64
82 61 67
246 230 221
196 180 173
152 122 125
246 223 218
297 273 269
31 28 41
163 155 149
58 51 50
58 70 47
7 8 13
52 57 46
175 168 156
127 97 105
119 126 113
140 140 131
187 179 177
37 26 25
17 20 18
172 173 160
210 204 186
72 75 56
36 32 22
189 159 176
3 4 10
1 0 3
175 167 165
82 62 65
133 122 132
32 35 39
11 11 9
75 81 80
228 206 200
42 31 34
82 71 79
24 20 20
138 131 138
42 32 37
39 43 48
50 46 50
170 141 153
144 147 135
136 128 121
52 56 53
120 116 103
192 180 177
96 97 91
91 96 76
55 64 44
26 28 23
246 230 219
211 182 186
68 48 55
56 33 46
135 106 111
220 191 198
130 121 115
226 212 208
118 93 98
45 54 34
253 229 221
106 82 88
5 2 3
95 74 79
93 86 97
285 254 262
199 194 181
284 245 252
23 11 18
29 34 22
33 16 25
251 228 218
33 28 23
207 176 200
267 241 236
1 0 1
76 70 67
44 46 44
150 145 142
135 132 135
45 52 41
161 162 145
177 172 156
183 173 168
2 0 0
14 27 14
238 218 211
98 71 78
70 82 68
37 33 34
172 151 159
257 239 239
237 211 216
53 52 37
90 90 74
6 3 9
251 229 226
75 56 63
41 26 36
115 115 107
45 37 37
60 56 50
62 59 58
275 245 245
147 146 137
75 76 75
231 203 208
31 19 27
224 210 204
4 6 3
163 160 151
7 12 7
104 91 89
78 94 72
50 42 42
68 80 52
44 53 32
119 110 113
23 21 21
138 143 135
193 187 175
249 246 232
134 111 114
58 61 60
39 46 37
110 110 100
11 9 8
159 145 149
94 84 98
46 29 38
64 57 57
87 77 77
65 66 68
206 176 203
214 197 194
77 75 73
98 87 89
227 203 200
6 9 7
113 105 93
121 104 99
71 70 61
230 198 201
56 48 57
179 176 171
220 194 201
212 202 195
60 57 65
163 135 144
293 277 263
237 216 214
99 74 85
175 170 168
260 235 237
235 225 215
54 56 48
33 33 37
3 1 1
226 218 207
79 72 81
219 216 200
54 51 67
156 121 136
85 75 72
36 42 39
230 220 212
61 52 51
51 48 46
19 18 18
86 73 80
249 241 229
184 173 169
63 42 51
146 122 128
137 127 123
241 217 221
153 155 143
117 88 97
299 258 265
40 35 28
46 42 45
20 31 23
107 78 89
103 99 93
152 144 142
15 15 20
49 51 43
106 102 102
82 82 80
13 12 20
93 79 85
134 140 126
138 135 125
228 208 202
2 1 0
171 139 160
221 189 190
144 115 116
119 114 109
26 34 26
149 121 125
175 178 169
174 175 160
111 115 106
115 91 106
242 226 219
181 173 166
110 101 112
58 68 46
165 165 147
58 64 52
129 114 114
33 28 20
59 49 52
50 58 40
75 69 67
267 256 246
65 75 65
65 44 51
18 18 19
89 81 88
199 184 175
74 55 61
140 113 120
270 244 243
48 37 48
89 80 82
144 139 138
149 148 132
98 85 98
198 168 187
226 207 208
91 98 87
198 164 190
2 2 2
177 146 161
63 60 52
139 137 134
61 76 53
237 224 214
27 19 24
3 6 2
79 66 73
250 239 233
164 145 152
24 22 23
114 114 105
31 25 26
87 63 75
156 142 148
80 73 84
31 16 23
208 190 186
60 72 47
262 235 235
134 109 110
56 50 48
84 74 75
71 71 75
103 104 103
24 35 24
82 96 76
55 61 48
257 235 230
232 202 204
30 36 24
117 92 98
88 73 77
169 152 155
9 11 4
266 255 245
169 154 159
59 54 65
70 46 56
71 52 61
119 113 107
300 269 276
164 153 151
115 96 107
16 17 21
2 2 5
224 200 204
2 4 2
208 204 191
185 177 169
48 22 36
25 24 26
207 188 183
35 31 28
159 148 152
128 132 117
316 281 283
7 10 6
106 83 89
86 92 88
128 127 116
28 31 34
44 53 34
200 195 186
295 254 264
96 75 82
210 193 189
74 56 62
152 150 142
111 99 94
109 83 92
290 247 253
193 185 182
35 22 27
159 159 142
128 132 116
90 69 78
133 133 118
181 150 165
28 30 16
152 143 140
155 158 145
169 143 147
32 24 35
63 52 55
20 14 21
40 35 53
107 97 85
227 220 211
108 111 99
44 39 37
144 140 125
20 14 21
177 177 165
171 158 153
80 85 83
74 58 68
137 124 125
40 49 26
277 243 243
43 26 40
155 140 148
124 100 100
90 85 88
182 178 171
265 234 232
141 132 129
204 180 180
16 16 23
178 170 160
219 191 200
111 99 102
234 223 212
44 38 32
84 63 76
137 137 132
103 92 96
214 205 199
5 7 8
105 94 95
145 144 128
22 39 23
19 18 17
9 11 13
5 10 5
131 132 120
93 71 77
144 147 129
41 31 32
148 134 137
125 119 108
167 165 152
40 38 33
118 126 112
26 11 21
56 59 63
151 121 121
45 39 55
287 253 256
9 8 8
167 168 157
178 145 166
27 24 30
87 73 73
3 9 5
143 133 130
133 107 108
52 39 54
37 24 32
5 3 3
38 34 33
24 29 14
190 173 164
86 69 80
67 49 51
177 147 151
31 24 27
239 219 215
7 12 8
176 171 163
171 172 160
143 140 128
101 108 89
